#
# A fatal error has been detected by the Java Runtime Environment:
#
#  EXCEPTION_ACCESS_VIOLATION (0xc0000005) at pc=0x000000005622c750, pid=6300, tid=6616
#
# JRE version: 6.0_17-b04
# Java VM: Java HotSpot(TM) 64-Bit Server VM (14.3-b01 mixed mode windows-amd64 )
# Problematic frame:
# C  0x000000005622c750
#
# If you would like to submit a bug report, please visit:
#   http://java.sun.com/webapps/bugreport/crash.jsp
# The crash happened outside the Java Virtual Machine in native code.
# See problematic frame for where to report the bug.
#

---------------  T H R E A D  ---------------

Current thread (0x0000000052050800):  JavaThread "AWT-EventQueue-0" [_thread_in_native, id=6616, stack(0x00000000a8000000,0x00000000ac000000)]

siginfo: ExceptionCode=0xc0000005, reading address 0x0000000000000008

Registers:
EAX=0x000000000000000d, EBX=0x00000000520509b8, ECX=0x0000000000000000, EDX=0x000000000d010317
ESP=0x00000000abffe608, EBP=0x0000000057204170, ESI=0x00000000520509b8, EDI=0x000000006f61c6f0
EIP=0x000000005622c750, EFLAGS=0x0000000000010206

Top of Stack: (sp=0x00000000abffe608)
0x00000000abffe608:   00000000561d589c 0000000000000000
0x00000000abffe618:   00000000520509b8 0000000057204170
0x00000000abffe628:   00000000520509b8 000000000000077e
0x00000000abffe638:   00000000520509b8 00000000abffeaa0
0x00000000abffe648:   00000000561b3810 00000000520509b8
0x00000000abffe658:   00000000abffed00 00000000abffecd8
0x00000000abffe668:   0000000057204170 0000000000000001
0x00000000abffe678:   00000000561d2151 0000000000000000
0x00000000abffe688:   00000000abffece0 0000000000000000
0x00000000abffe698:   00000000abffecd8 0000000000000000
0x00000000abffe6a8:   000000002b05d004 0000049b00000001
0x00000000abffe6b8:   0000049c0000077f 000000003f623cf0
0x00000000abffe6c8:   0000000400000000 000000003fed5030
0x00000000abffe6d8:   00000000376f9e48 0000048400000001
0x00000000abffe6e8:   000000000000077c 000000000000077c
0x00000000abffe6f8:   0000048400000000 00000000376fc168 

Instructions: (pc=0x000000005622c750)
0x000000005622c740:   48 8b 41 08 48 8b 80 18 0c 00 00 c3 cc cc cc cc
0x000000005622c750:   48 8b 49 08 48 85 c9 74 05 e9 72 f6 fd ff 33 c0 


Stack: [0x00000000a8000000,0x00000000ac000000],  sp=0x00000000abffe608,  free space=65529k
Native frames: (J=compiled Java code, j=interpreted, Vv=VM code, C=native code)
C  0x000000005622c750

Java frames: (J=compiled Java code, j=interpreted, Vv=VM code)
J  sun.java2d.windows.GDIBlitLoops.nativeBlit(Lsun/java2d/SurfaceData;Lsun/java2d/SurfaceData;Lsun/java2d/pipe/Region;IIIIIIIIIZ)V
J  sun.java2d.windows.GDIBlitLoops.Blit(Lsun/java2d/SurfaceData;Lsun/java2d/SurfaceData;Ljava/awt/Composite;Lsun/java2d/pipe/Region;IIIIII)V
J  sun.java2d.pipe.DrawImage.blitSurfaceData(Lsun/java2d/SunGraphics2D;Lsun/java2d/pipe/Region;Lsun/java2d/SurfaceData;Lsun/java2d/SurfaceData;Lsun/java2d/loops/SurfaceType;Lsun/java2d/loops/SurfaceType;IIIIIILjava/awt/Color;)V
J  sun.java2d.pipe.DrawImage.renderImageCopy(Lsun/java2d/SunGraphics2D;Ljava/awt/Image;Ljava/awt/Color;IIIIII)Z
J  sun.java2d.pipe.DrawImage.copyImage(Lsun/java2d/SunGraphics2D;Ljava/awt/Image;IILjava/awt/Color;Ljava/awt/image/ImageObserver;)Z
J  javax.swing.RepaintManager$PaintManager.paintDoubleBuffered(Ljavax/swing/JComponent;Ljava/awt/Image;Ljava/awt/Graphics;IIII)V
J  javax.swing.RepaintManager$PaintManager.paint(Ljavax/swing/JComponent;Ljavax/swing/JComponent;Ljava/awt/Graphics;IIII)Z
J  javax.swing.JComponent.paint(Ljava/awt/Graphics;)V
j  java.awt.GraphicsCallback$PaintCallback.run(Ljava/awt/Component;Ljava/awt/Graphics;)V+2
j  sun.awt.SunGraphicsCallback.runOneComponent(Ljava/awt/Component;Ljava/awt/Rectangle;Ljava/awt/Graphics;Ljava/awt/Shape;I)V+155
j  sun.awt.SunGraphicsCallback.runComponents([Ljava/awt/Component;Ljava/awt/Graphics;I)V+104
j  java.awt.Container.paint(Ljava/awt/Graphics;)V+73
J  javax.swing.RepaintManager.paintDirtyRegions(Ljava/util/Map;)V
J  javax.swing.SystemEventQueueUtilities$ComponentWorkRequest.run()V
J  java.awt.EventDispatchThread.pumpOneEventForFilters(I)Z
J  java.awt.EventDispatchThread.pumpEventsForFilter(ILjava/awt/Conditional;Ljava/awt/EventFilter;)V
j  java.awt.EventDispatchThread.pumpEventsForHierarchy(ILjava/awt/Conditional;Ljava/awt/Component;)V+11
j  java.awt.EventDispatchThread.pumpEvents(ILjava/awt/Conditional;)V+4
j  java.awt.EventDispatchThread.pumpEvents(Ljava/awt/Conditional;)V+3
j  java.awt.EventDispatchThread.run()V+9
v  ~StubRoutines::call_stub

---------------  P R O C E S S  ---------------

Java Threads: ( => current thread )
  0x000000006ec33800 JavaThread "Code Analyzer updating thread" [_thread_blocked, id=3800, stack(0x0000000138000000,0x000000013c000000)]
  0x000000006ec31000 JavaThread "Code Analyzer updating thread" [_thread_blocked, id=7044, stack(0x0000000114000000,0x0000000118000000)]
  0x0000000056d22000 JavaThread "Code Analyzer updating thread" [_thread_blocked, id=3388, stack(0x0000000110000000,0x0000000114000000)]
  0x0000000056d24800 JavaThread "Code Analyzer updating thread" [_thread_blocked, id=5768, stack(0x0000000104000000,0x0000000108000000)]
  0x0000000052055800 JavaThread "Code Analyzer updating thread" [_thread_blocked, id=4976, stack(0x000000010c000000,0x0000000110000000)]
  0x000000006ec2e800 JavaThread "Code Analyzer updating thread" [_thread_blocked, id=2752, stack(0x00000000fc000000,0x0000000100000000)]
  0x000000006ec30000 JavaThread "Code Analyzer updating thread" [_thread_blocked, id=5104, stack(0x0000000108000000,0x000000010c000000)]
  0x000000006ec31800 JavaThread "Code Analyzer updating thread" [_thread_blocked, id=5064, stack(0x00000000c4000000,0x00000000c8000000)]
  0x000000006ec34800 JavaThread "pool-8-thread-1" [_thread_blocked, id=2256, stack(0x0000000144030000,0x0000000148030000)]
  0x000000006ec33000 JavaThread "Timer queue for AWT thread" daemon [_thread_blocked, id=5788, stack(0x0000000120fd0000,0x0000000124fd0000)]
  0x000000006ec2d000 JavaThread "pool-7-thread-1" [_thread_blocked, id=1216, stack(0x00000000e0000000,0x00000000e4000000)]
  0x0000000057c6f000 JavaThread "Prefs Updater" daemon [_thread_blocked, id=2620, stack(0x00000000cc000000,0x00000000d0000000)]
  0x0000000057c6e000 JavaThread "Foxtrot Single Worker Thread #1" daemon [_thread_blocked, id=6056, stack(0x00000000c8000000,0x00000000cc000000)]
  0x0000000052058800 JavaThread "Swing-Shell" daemon [_thread_blocked, id=5960, stack(0x0000000158030000,0x000000015c030000)]
  0x000000006ec32000 JavaThread "Timer-2" daemon [_thread_blocked, id=5208, stack(0x000000013c000000,0x0000000140000000)]
  0x000000006ec2f800 JavaThread "com.jniwrapper.NativeResourceCollector" daemon [_thread_blocked, id=5180, stack(0x0000000130000000,0x0000000134000000)]
  0x0000000056d1f800 JavaThread "Active Reference Queue Daemon" daemon [_thread_blocked, id=7572, stack(0x00000000f8000000,0x00000000fc000000)]
  0x0000000056d1f000 JavaThread "Timer-1" daemon [_thread_blocked, id=7612, stack(0x00000000f4000000,0x00000000f8000000)]
  0x0000000056d1e000 JavaThread "ClipboardMonitor Timer" daemon [_thread_blocked, id=1652, stack(0x00000000f0000000,0x00000000f4000000)]
  0x0000000056d1d800 JavaThread "Explorer NavigationContext request queue" daemon [_thread_blocked, id=5904, stack(0x00000000ec000000,0x00000000f0000000)]
  0x0000000052058000 JavaThread "AddressBar directory emptiness poller" daemon [_thread_blocked, id=6020, stack(0x00000000e4000000,0x00000000e8000000)]
  0x0000000052057000 JavaThread "Explorer Refresh Service 1613589366" daemon [_thread_blocked, id=1564, stack(0x00000000d0000000,0x00000000d4000000)]
  0x0000000052054000 JavaThread "TimerQueue" daemon [_thread_blocked, id=1312, stack(0x00000000d4000000,0x00000000d8000000)]
  0x0000000052051800 JavaThread "Thread-3" daemon [_thread_blocked, id=1188, stack(0x00000000ac000000,0x00000000b0000000)]
  0x0000000052053800 JavaThread "FelixPackageAdmin" daemon [_thread_blocked, id=7736, stack(0x00000000b8000000,0x00000000bc000000)]
  0x0000000052052800 JavaThread "FelixStartLevel" daemon [_thread_blocked, id=7364, stack(0x00000000b4000000,0x00000000b8000000)]
  0x0000000052052000 JavaThread "FelixDispatchQueue" daemon [_thread_blocked, id=7816, stack(0x00000000b0000000,0x00000000b4000000)]
=>0x0000000052050800 JavaThread "AWT-EventQueue-0" [_thread_in_native, id=6616, stack(0x00000000a8000000,0x00000000ac000000)]
  0x0000000052050000 JavaThread "com.google.common.base.internal.Finalizer" daemon [_thread_blocked, id=5584, stack(0x00000000a4000000,0x00000000a8000000)]
  0x000000005204e800 JavaThread "AWT-Windows" daemon [_thread_in_native, id=3300, stack(0x000000009c000000,0x00000000a0000000)]
  0x000000005204d800 JavaThread "AWT-Shutdown" [_thread_blocked, id=4260, stack(0x0000000098000000,0x000000009c000000)]
  0x000000005204d000 JavaThread "Java2D Disposer" daemon [_thread_blocked, id=5552, stack(0x0000000094000000,0x0000000098000000)]
  0x000000005204c000 JavaThread "Timer-0" [_thread_blocked, id=7728, stack(0x0000000090000000,0x0000000094000000)]
  0x000000005204b800 JavaThread "EventMgr Dispatcher" daemon [_thread_in_native, id=8156, stack(0x000000008c000000,0x0000000090000000)]
  0x000000005204a000 JavaThread "Low Memory Detector" daemon [_thread_blocked, id=560, stack(0x0000000084000000,0x0000000088000000)]
  0x0000000052065800 JavaThread "CompilerThread1" daemon [_thread_blocked, id=5880, stack(0x0000000080000000,0x0000000084000000)]
  0x000000005205a000 JavaThread "CompilerThread0" daemon [_thread_blocked, id=7720, stack(0x000000006a8a0000,0x000000006e8a0000)]
  0x0000000052049800 JavaThread "Attach Listener" daemon [_thread_blocked, id=4236, stack(0x00000000668a0000,0x000000006a8a0000)]
  0x000000000658f800 JavaThread "Finalizer" daemon [_thread_blocked, id=5444, stack(0x00000000628a0000,0x00000000668a0000)]
  0x0000000006589000 JavaThread "Reference Handler" daemon [_thread_blocked, id=7340, stack(0x000000005af80000,0x000000005ef80000)]
  0x000000000667e800 JavaThread "main" [_thread_in_native, id=964, stack(0x0000000000030000,0x0000000004030000)]

Other Threads:
  0x0000000051ff2000 VMThread [stack: 0x0000000052150000,0x0000000056150000] [id=7400]
  0x0000000052090000 WatcherThread [stack: 0x0000000088000000,0x000000008c000000] [id=7024]

VM state:not at safepoint (normal execution)

VM Mutex/Monitor currently owned by a thread: None

Heap
 PSYoungGen      total 49856K, used 22452K [0x000000003eda0000, 0x0000000041ea0000, 0x0000000041ea0000)
  eden space 49536K, 45% used [0x000000003eda0000,0x000000004038d280,0x0000000041e00000)
  from space 320K, 0% used [0x0000000041e00000,0x0000000041e00000,0x0000000041e50000)
  to   space 320K, 0% used [0x0000000041e50000,0x0000000041e50000,0x0000000041ea0000)
 PSOldGen        total 150528K, used 150233K [0x0000000035aa0000, 0x000000003eda0000, 0x000000003eda0000)
  object space 150528K, 99% used [0x0000000035aa0000,0x000000003ed56630,0x000000003eda0000)
 PSPermGen       total 90176K, used 89895K [0x000000002daa0000, 0x00000000332b0000, 0x0000000035aa0000)
  object space 90176K, 99% used [0x000000002daa0000,0x0000000033269c70,0x00000000332b0000)

Dynamic libraries:
0x0000000140000000 - 0x0000000140028000 	C:\Program Files\MATLAB\R2013a\bin\win64\MATLAB.exe
0x0000000077620000 - 0x00000000777c9000 	C:\windows\SYSTEM32\ntdll.dll
0x00000000770d0000 - 0x00000000771ef000 	C:\windows\system32\kernel32.dll
0x000007fefddc0000 - 0x000007fefde2b000 	C:\windows\system32\KERNELBASE.dll
0x0000000074460000 - 0x0000000074515000 	C:\Program Files\MATLAB\R2013a\bin\win64\libut.dll
0x00000000758a0000 - 0x000000007595f000 	C:\Program Files\MATLAB\R2013a\bin\win64\libmwi18n.dll
0x0000000180000000 - 0x000000018000d000 	C:\Program Files\MATLAB\R2013a\bin\win64\libmwresource_core.dll
0x0000000074870000 - 0x0000000074908000 	C:\Program Files\MATLAB\R2013a\bin\win64\MSVCP100.dll
0x0000000074790000 - 0x0000000074862000 	C:\Program Files\MATLAB\R2013a\bin\win64\MSVCR100.dll
0x00000000749a0000 - 0x00000000749ae000 	C:\Program Files\MATLAB\R2013a\bin\win64\boost_date_time-vc100-mt-1_49.dll
0x0000000074970000 - 0x000000007499c000 	C:\Program Files\MATLAB\R2013a\bin\win64\boost_filesystem-vc100-mt-1_49.dll
0x0000000074a20000 - 0x0000000074a29000 	C:\Program Files\MATLAB\R2013a\bin\win64\boost_system-vc100-mt-1_49.dll
0x000007feff5d0000 - 0x000007feff6ab000 	C:\windows\system32\ADVAPI32.dll
0x000007fefe0e0000 - 0x000007fefe17f000 	C:\windows\system32\msvcrt.dll
0x000007feff730000 - 0x000007feff74f000 	C:\windows\SYSTEM32\sechost.dll
0x000007fefe320000 - 0x000007fefe44d000 	C:\windows\system32\RPCRT4.dll
0x0000000074940000 - 0x0000000074965000 	C:\Program Files\MATLAB\R2013a\bin\win64\LIBEXPAT.dll
0x0000000061a90000 - 0x0000000061c1a000 	C:\Program Files\MATLAB\R2013a\bin\win64\icuin49.dll
0x0000000062760000 - 0x000000006289e000 	C:\Program Files\MATLAB\R2013a\bin\win64\icuuc49.dll
0x00000000585f0000 - 0x0000000059712000 	C:\Program Files\MATLAB\R2013a\bin\win64\icudt49.dll
0x0000000074930000 - 0x0000000074940000 	C:\Program Files\MATLAB\R2013a\bin\win64\icuio49.dll
0x0000000073f70000 - 0x0000000074112000 	C:\Program Files\MATLAB\R2013a\bin\win64\libmwfl.dll
0x000000007a350000 - 0x000000007a737000 	C:\Program Files\MATLAB\R2013a\bin\win64\libmwMATLAB_res.dll
0x0000000061260000 - 0x000000006133f000 	C:\Program Files\MATLAB\R2013a\bin\win64\boost_regex-vc100-mt-1_49.dll
0x00000000771f0000 - 0x00000000772ea000 	C:\windows\system32\USER32.dll
0x000007feff8c0000 - 0x000007feff927000 	C:\windows\system32\GDI32.dll
0x000007fefe290000 - 0x000007fefe29e000 	C:\windows\system32\LPK.dll
0x000007feff750000 - 0x000007feff819000 	C:\windows\system32\USP10.dll
0x0000000074910000 - 0x0000000074921000 	C:\Program Files\MATLAB\R2013a\bin\win64\boost_signals-vc100-mt-1_49.dll
0x0000000074750000 - 0x0000000074761000 	C:\Program Files\MATLAB\R2013a\bin\win64\boost_thread-vc100-mt-1_49.dll
0x000007fee7e20000 - 0x000007fee7eac000 	C:\Program Files\MATLAB\R2013a\bin\win64\boost_log-vc100-mt-1_49.dll
0x00000000777e0000 - 0x00000000777e7000 	C:\windows\system32\PSAPI.DLL
0x000007feff6b0000 - 0x000007feff6fd000 	C:\windows\system32\WS2_32.dll
0x000007fefe0d0000 - 0x000007fefe0d8000 	C:\windows\system32\NSI.dll
0x000007fee8850000 - 0x000007fee8883000 	C:\Program Files\MATLAB\R2013a\bin\win64\tbb.dll
0x000007fefded0000 - 0x000007fefdee9000 	C:\windows\system32\imagehlp.dll
0x000007fefcc00000 - 0x000007fefcc2c000 	C:\windows\system32\POWRPROF.dll
0x000007fefdef0000 - 0x000007fefe0c7000 	C:\windows\system32\SETUPAPI.dll
0x000007fefdd80000 - 0x000007fefddb6000 	C:\windows\system32\CFGMGR32.dll
0x000007feff4f0000 - 0x000007feff5c7000 	C:\windows\system32\OLEAUT32.dll
0x000007feff2e0000 - 0x000007feff4e3000 	C:\windows\system32\ole32.dll
0x000007fefdbf0000 - 0x000007fefdc0a000 	C:\windows\system32\DEVOBJ.dll
0x0000000004200000 - 0x0000000004221000 	C:\Program Files\MATLAB\R2013a\bin\win64\libmwmfl_scalar.dll
0x000007fef8ee0000 - 0x000007fef9005000 	C:\windows\system32\dbghelp.dll
0x0000000004230000 - 0x000000000455f000 	C:\Program Files\MATLAB\R2013a\bin\win64\libmwservices.dll
0x0000000075a20000 - 0x0000000075b0b000 	C:\Program Files\MATLAB\R2013a\bin\win64\libmx.dll
0x000007feee330000 - 0x000007feee358000 	C:\Program Files\MATLAB\R2013a\bin\win64\tbbmalloc.dll
0x0000000074770000 - 0x0000000074787000 	C:\Program Files\MATLAB\R2013a\bin\win64\zlib1.dll
0x0000000004560000 - 0x00000000045ae000 	C:\Program Files\MATLAB\R2013a\bin\win64\libmwregexp.dll
0x0000000075f10000 - 0x0000000075f57000 	C:\Program Files\MATLAB\R2013a\bin\win64\mpath.dll
0x000000007b680000 - 0x000000007bc66000 	C:\Program Files\MATLAB\R2013a\bin\win64\mlutil.dll
0x00000000754d0000 - 0x0000000075547000 	C:\Program Files\MATLAB\R2013a\bin\win64\xmlcore.dll
0x0000000061010000 - 0x0000000061251000 	C:\Program Files\MATLAB\R2013a\bin\win64\xerces-c_2_7.dll
0x00000000045c0000 - 0x00000000045e2000 	C:\Program Files\MATLAB\R2013a\bin\win64\libmwMATLAB_settings_res.dll
0x000007fefb590000 - 0x000007fefb5a0000 	C:\Program Files\MATLAB\R2013a\bin\win64\boost_iostreams-vc100-mt-1_49.dll
0x000007fee8790000 - 0x000007fee87d6000 	C:\Program Files\MATLAB\R2013a\bin\win64\boost_serialization-vc100-mt-1_49.dll
0x000007fefe4f0000 - 0x000007feff278000 	C:\windows\system32\SHELL32.dll
0x000007fefe2a0000 - 0x000007fefe311000 	C:\windows\system32\SHLWAPI.dll
0x00000000045f0000 - 0x00000000045f6000 	C:\Program Files\MATLAB\R2013a\bin\win64\libmwnativedisplay.dll
0x000007fefab10000 - 0x000007fefabb0000 	C:\windows\WinSxS\amd64_microsoft.windows.common-controls_6595b64144ccf1df_5.82.7601.18201_none_a4d3b9377117c3df\COMCTL32.dll
0x000007feff820000 - 0x000007feff8b7000 	C:\windows\system32\COMDLG32.dll
0x000007fefb1c0000 - 0x000007fefb1d6000 	C:\windows\system32\NETAPI32.dll
0x000007fefd5d0000 - 0x000007fefd5dc000 	C:\windows\system32\netutils.dll
0x000007fefd650000 - 0x000007fefd673000 	C:\windows\system32\srvcli.dll
0x000007fefb1a0000 - 0x000007fefb1b5000 	C:\windows\system32\wkscli.dll
0x0000000004600000 - 0x00000000046a8000 	C:\Program Files\MATLAB\R2013a\bin\win64\mcr.dll
0x0000000075000000 - 0x00000000753b1000 	C:\Program Files\MATLAB\R2013a\bin\win64\iqm.dll
0x0000000074e80000 - 0x0000000074f30000 	C:\Program Files\MATLAB\R2013a\bin\win64\m_dispatcher.dll
0x00000000046b0000 - 0x0000000004eb8000 	C:\Program Files\MATLAB\R2013a\bin\win64\m_interpreter.dll
0x0000000004ec0000 - 0x0000000004ee4000 	C:\Program Files\MATLAB\R2013a\bin\win64\libmex.dll
0x0000000075430000 - 0x00000000754ab000 	C:\Program Files\MATLAB\R2013a\bin\win64\profiler.dll
0x0000000004ef0000 - 0x0000000005173000 	C:\Program Files\MATLAB\R2013a\bin\win64\libmwmathutil.dll
0x0000000079f40000 - 0x0000000079f66000 	C:\Program Files\MATLAB\R2013a\bin\win64\libmwmathrng.dll
0x0000000005180000 - 0x0000000005190000 	C:\Program Files\MATLAB\R2013a\bin\win64\libmwmfl_rng.dll
0x0000000074c10000 - 0x0000000074cf8000 	C:\Program Files\MATLAB\R2013a\bin\win64\libmwmathcore.dll
0x0000000076160000 - 0x00000000761c3000 	C:\Program Files\MATLAB\R2013a\bin\win64\libmwspmatrix.dll
0x000000007b0a0000 - 0x000000007b2f6000 	C:\Program Files\MATLAB\R2013a\bin\win64\mcos.dll
0x0000000075ea0000 - 0x0000000075f02000 	C:\Program Files\MATLAB\R2013a\bin\win64\libmwcholmod.dll
0x00000000051a0000 - 0x00000000051ad000 	C:\Program Files\MATLAB\R2013a\bin\win64\libmwamd.dll
0x0000000071b60000 - 0x0000000071c03000 	C:\windows\WinSxS\amd64_microsoft.vc90.crt_1fc8b3b9a1e18e3b_9.0.30729.6161_none_08e61857a83bc251\MSVCR90.dll
0x00000000051c0000 - 0x00000000051cc000 	C:\Program Files\MATLAB\R2013a\bin\win64\libmwcolamd.dll
0x000000007a290000 - 0x000000007a2a3000 	C:\Program Files\MATLAB\R2013a\bin\win64\libmwblas.dll
0x000000007a310000 - 0x000000007a325000 	C:\Program Files\MATLAB\R2013a\bin\win64\libmwbinder.dll
0x00000000051e0000 - 0x00000000051eb000 	C:\Program Files\MATLAB\R2013a\bin\win64\libmwompwrapper.dll
0x0000000075820000 - 0x000000007589e000 	C:\Program Files\MATLAB\R2013a\bin\win64\libmwlapack.dll
0x000000007a1b0000 - 0x000000007a1d0000 	C:\Program Files\MATLAB\R2013a\bin\win64\m_pcodeio.dll
0x0000000079b10000 - 0x0000000079b6c000 	C:\Program Files\MATLAB\R2013a\bin\win64\m_ir.dll
0x0000000078ed0000 - 0x0000000079579000 	C:\Program Files\MATLAB\R2013a\bin\win64\m_parser.dll
0x000000007a2f0000 - 0x000000007a307000 	C:\Program Files\MATLAB\R2013a\bin\win64\ir_xfmr.dll
0x00000000051f0000 - 0x0000000005200000 	C:\Program Files\MATLAB\R2013a\bin\win64\mtok.dll
0x000000007a130000 - 0x000000007a158000 	C:\Program Files\MATLAB\R2013a\bin\win64\m_pcodegen.dll
0x0000000079fb0000 - 0x0000000079fdf000 	C:\Program Files\MATLAB\R2013a\bin\win64\libmwbridge.dll
0x0000000074f40000 - 0x0000000074ff6000 	C:\Program Files\MATLAB\R2013a\bin\win64\udd.dll
0x0000000073cc0000 - 0x0000000073e0e000 	C:\Program Files\MATLAB\R2013a\bin\win64\libmwgui.dll
0x000000007a1d0000 - 0x000000007a1f4000 	C:\Program Files\MATLAB\R2013a\bin\win64\graphics_util.dll
0x000007fee7d60000 - 0x000007fee7e18000 	C:\Program Files\MATLAB\R2013a\bin\win64\libtex_base.dll
0x0000000005200000 - 0x0000000005b43000 	C:\Program Files\MATLAB\R2013a\bin\win64\hg.dll
0x0000000076100000 - 0x000000007615a000 	C:\Program Files\MATLAB\R2013a\bin\win64\libmat.dll
0x0000000072d30000 - 0x0000000072f38000 	C:\Program Files\MATLAB\R2013a\bin\win64\hdf5dll.dll
0x0000000075710000 - 0x00000000757d8000 	C:\Program Files\MATLAB\R2013a\bin\win64\jmi.dll
0x0000000005b60000 - 0x0000000005b6e000 	C:\Program Files\MATLAB\R2013a\bin\win64\nativejava_services.dll
0x0000000005b70000 - 0x0000000005bb0000 	C:\Program Files\MATLAB\R2013a\bin\win64\libmwhardcopy.dll
0x0000000075c70000 - 0x0000000075cce000 	C:\Program Files\MATLAB\R2013a\bin\win64\libuij.dll
0x0000000072f50000 - 0x000000007318f000 	C:\Program Files\MATLAB\R2013a\bin\win64\hgdatatypes.dll
0x0000000005bb0000 - 0x0000000005c9b000 	C:\Program Files\MATLAB\R2013a\bin\win64\hgutils.dll
0x0000000005ca0000 - 0x0000000005d4e000 	C:\Program Files\MATLAB\R2013a\bin\win64\udd_mi.dll
0x0000000005d50000 - 0x0000000005d86000 	C:\Program Files\MATLAB\R2013a\bin\win64\libmwgbtutils.dll
0x0000000005d90000 - 0x0000000005da4000 	C:\Program Files\MATLAB\R2013a\bin\win64\libmwgbt.dll
0x0000000005db0000 - 0x000000000607e000 	C:\Program Files\MATLAB\R2013a\bin\win64\uiw.dll
0x0000000006080000 - 0x0000000006089000 	C:\Program Files\MATLAB\R2013a\bin\win64\uinone.dll
0x0000000006090000 - 0x00000000060b6000 	C:\Program Files\MATLAB\R2013a\bin\win64\libmwnativefiledialogs.dll
0x00000000060c0000 - 0x00000000060cc000 	C:\Program Files\MATLAB\R2013a\bin\win64\libmwplatform_res.dll
0x000007fefaad0000 - 0x000007fefaae8000 	C:\windows\system32\MPR.dll
0x000000005aa20000 - 0x000000005af7d000 	C:\Program Files\MATLAB\R2013a\bin\win64\mfc100.dll
0x000007fefb900000 - 0x000007fefb907000 	C:\windows\system32\MSIMG32.dll
0x000007fef71e0000 - 0x000007fef7251000 	C:\windows\system32\WINSPOOL.DRV
0x00000000060d0000 - 0x00000000060ed000 	C:\Program Files\MATLAB\R2013a\bin\win64\mwoles05.DLL
0x00000000060f0000 - 0x000000000615c000 	C:\Program Files\MATLAB\R2013a\bin\win64\comcli.dll
0x00000000733b0000 - 0x00000000733db000 	C:\Program Files\MATLAB\R2013a\bin\win64\ATL100.DLL
0x0000000006160000 - 0x000000000616c000 	C:\Program Files\MATLAB\R2013a\bin\win64\mlautoregister.dll
0x0000000006170000 - 0x00000000062c6000 	C:\Program Files\MATLAB\R2013a\bin\win64\mvm.dll
0x000007feff700000 - 0x000007feff72e000 	C:\windows\system32\IMM32.DLL
0x000007fefe180000 - 0x000007fefe289000 	C:\windows\system32\MSCTF.dll
0x00000000749b0000 - 0x00000000749e8000 	C:\PROGRA~2\Sophos\SOPHOS~1\SOPHOS~2.DLL
0x000007fefc680000 - 0x000007fefc6d6000 	C:\windows\system32\UxTheme.dll
0x000007fefb4c0000 - 0x000007fefb4d8000 	C:\windows\system32\dwmapi.dll
0x0000000074740000 - 0x000000007474d000 	C:\Program Files\MATLAB\R2013a\bin\win64\MFC100ENU.DLL
0x0000000006590000 - 0x00000000065de000 	C:\Program Files\MATLAB\R2013a\bin\win64\MVMLocal.dll

VM Arguments:
jvm_args: -XX:PermSize=32m -Xms64m -XX:NewRatio=3 -XX:MaxPermSize=128m -Xmx196m -XX:MaxDirectMemorySize=2147400000 -Dsun.java2d.noddraw=true -Dsun.awt.nopixfmt=true -Xshare:off -Xrs -Dsun.awt.disableMixing=true -Djava.library.path=C:\Program Files\MATLAB\R2013a\bin\win64;C:\Program Files\MATLAB\R2013a\sys\jxbrowser\win64\lib vfprintf abort 
java_command: <unknown>
Launcher Type: generic

Environment Variables:
PATH=C:\Python33\Lib\site-packages\PyQt4;C:\Python33\;C:\Program Files (x86)\Intel\ComposerXE-2011\redist\intel64\mkl;C:\Program Files (x86)\Intel\ComposerXE-2011\redist\ia32\mkl;C:\Program Files (x86)\Intel\ComposerXE-2011\redist\intel64\mpirt;C:\Program Files (x86)\Intel\ComposerXE-2011\redist\intel64\compiler;C:\Program Files (x86)\Intel\ComposerXE-2011\redist\ia32\mpirt;C:\Program Files (x86)\Intel\ComposerXE-2011\redist\ia32\compiler;C:\Program Files (x86)\Intel\ComposerXE-2011\compiler\lib;C:\Program Files (x86)\Common Files\Microsoft Shared\VSA\9.0\VsaEnv;C:\Program Files (x86)\AMD APP\bin\x86_64;C:\Program Files (x86)\AMD APP\bin\x86;C:\windows\system32;C:\windows;C:\windows\System32\Wbem;C:\windows\System32\WindowsPowerShell\v1.0\;C:\Program Files\Hummingbird\Connectivity\14.00\NFS Maestro\;C:\Program Files (x86)\Hummingbird\Connectivity\14.00\NFS Maestro\;C:\Program Files (x86)\ATI Technologies\ATI.ACE\Core-Static;C:\Program Files\MATLAB\R2013a\bin;C:\Program Files\MATLAB\R2012b\runtime\win64;C:\Program Files\MATLAB\R2012b\bin;C:\Program Files (x86)\CCLRC ISIS Facility\Open GENIE\system;C:\Program Files (x86)\JournalViewer\bin
USERNAME=avh45
OS=Windows_NT
PROCESSOR_IDENTIFIER=Intel64 Family 6 Model 58 Stepping 9, GenuineIntel



---------------  S Y S T E M  ---------------

OS: Windows 7 Build 7601 Service Pack 1

CPU:total 4 (8 cores per cpu, 2 threads per core) family 6 model 58 stepping 9, cmov, cx8, fxsr, mmx, sse, sse2, sse3, ssse3, sse4.1, sse4.2, ht

Memory: 4k page, physical 8341920k(3701948k free), swap 16681980k(12460816k free)

vm_info: Java HotSpot(TM) 64-Bit Server VM (14.3-b01) for windows-amd64 JRE (1.6.0_17-b04), built on Oct 11 2009 00:46:08 by "java_re" with MS VC++ 8.0

time: Tue Mar 04 20:47:54 2014
elapsed time: 467413 seconds

