#
# A fatal error has been detected by the Java Runtime Environment:
#
#  EXCEPTION_ACCESS_VIOLATION (0xc0000005) at pc=0x000000005614c750, pid=5856, tid=4940
#
# JRE version: 6.0_17-b04
# Java VM: Java HotSpot(TM) 64-Bit Server VM (14.3-b01 mixed mode windows-amd64 )
# Problematic frame:
# C  0x000000005614c750
#
# If you would like to submit a bug report, please visit:
#   http://java.sun.com/webapps/bugreport/crash.jsp
# The crash happened outside the Java Virtual Machine in native code.
# See problematic frame for where to report the bug.
#

---------------  T H R E A D  ---------------

Current thread (0x00000000570f7000):  JavaThread "AWT-EventQueue-0" [_thread_in_native, id=4940, stack(0x00000000b0000000,0x00000000b4000000)]

siginfo: ExceptionCode=0xc0000005, reading address 0x0000000000000008

Registers:
EAX=0x000000000000000d, EBX=0x00000000570f71b8, ECX=0x0000000000000000, EDX=0x000000002601093b
ESP=0x00000000b3ffe6e8, EBP=0x000000005e989ab0, ESI=0x00000000570f71b8, EDI=0x0000000057b47500
EIP=0x000000005614c750, EFLAGS=0x0000000000010202

Top of Stack: (sp=0x00000000b3ffe6e8)
0x00000000b3ffe6e8:   00000000560f589c 0000000000000000
0x00000000b3ffe6f8:   00000000570f71b8 000000005e989ab0
0x00000000b3ffe708:   00000000570f71b8 0000000035aeb6b0
0x00000000b3ffe718:   00000000570f71b8 000000002f7d2c38
0x00000000b3ffe728:   00000000560d3810 00000000570f71b8
0x00000000b3ffe738:   00000000b3ffede0 00000000b3ffedb8
0x00000000b3ffe748:   000000005e989ab0 0000000000000000
0x00000000b3ffe758:   00000000560f2151 0000000000000000
0x00000000b3ffe768:   00000000b3ffedc0 0000000000000000
0x00000000b3ffe778:   00000000b3ffedb8 000000000000000e
0x00000000b3ffe788:   0000000000000020 0000000036f214f8
0x00000000b3ffe798:   0000000000000000 000000003f180740
0x00000000b3ffe7a8:   0000000000000024 0000000037201e00
0x00000000b3ffe7b8:   0000000000000001 0000000000000000
0x00000000b3ffe7c8:   0000000035aeb6d0 000000003f180568
0x00000000b3ffe7d8:   000000003f180568 0000000000000000 

Instructions: (pc=0x000000005614c750)
0x000000005614c740:   48 8b 41 08 48 8b 80 18 0c 00 00 c3 cc cc cc cc
0x000000005614c750:   48 8b 49 08 48 85 c9 74 05 e9 72 f6 fd ff 33 c0 


Stack: [0x00000000b0000000,0x00000000b4000000],  sp=0x00000000b3ffe6e8,  free space=65529k
Native frames: (J=compiled Java code, j=interpreted, Vv=VM code, C=native code)
C  0x000000005614c750

Java frames: (J=compiled Java code, j=interpreted, Vv=VM code)
J  sun.java2d.windows.GDIBlitLoops.nativeBlit(Lsun/java2d/SurfaceData;Lsun/java2d/SurfaceData;Lsun/java2d/pipe/Region;IIIIIIIIIZ)V
J  sun.java2d.windows.GDIBlitLoops.Blit(Lsun/java2d/SurfaceData;Lsun/java2d/SurfaceData;Ljava/awt/Composite;Lsun/java2d/pipe/Region;IIIIII)V
J  sun.java2d.pipe.DrawImage.renderImageCopy(Lsun/java2d/SunGraphics2D;Ljava/awt/Image;Ljava/awt/Color;IIIIII)Z
j  sun.java2d.pipe.DrawImage.copyImage(Lsun/java2d/SunGraphics2D;Ljava/awt/Image;IIIIIILjava/awt/Color;)Z+33
j  sun.java2d.pipe.DrawImage.copyImage(Lsun/java2d/SunGraphics2D;Ljava/awt/Image;IIIIIILjava/awt/Color;Ljava/awt/image/ImageObserver;)Z+23
J  java.awt.Component$BltBufferStrategy.showSubRegion(IIII)V
J  javax.swing.BufferStrategyPaintManager.endPaint()V
J  javax.swing.RepaintManager.endPaint()V
J  javax.swing.JComponent.paint(Ljava/awt/Graphics;)V
j  java.awt.GraphicsCallback$PaintCallback.run(Ljava/awt/Component;Ljava/awt/Graphics;)V+2
j  sun.awt.SunGraphicsCallback.runOneComponent(Ljava/awt/Component;Ljava/awt/Rectangle;Ljava/awt/Graphics;Ljava/awt/Shape;I)V+155
j  sun.awt.SunGraphicsCallback.runComponents([Ljava/awt/Component;Ljava/awt/Graphics;I)V+104
j  java.awt.Container.paint(Ljava/awt/Graphics;)V+73
J  javax.swing.RepaintManager.paintDirtyRegions(Ljava/util/Map;)V
J  javax.swing.SystemEventQueueUtilities$ComponentWorkRequest.run()V
J  java.awt.EventDispatchThread.pumpOneEventForFilters(I)Z
J  java.awt.EventDispatchThread.pumpEventsForFilter(ILjava/awt/Conditional;Ljava/awt/EventFilter;)V
j  java.awt.EventDispatchThread.pumpEventsForHierarchy(ILjava/awt/Conditional;Ljava/awt/Component;)V+11
j  java.awt.EventDispatchThread.pumpEvents(ILjava/awt/Conditional;)V+4
j  java.awt.EventDispatchThread.pumpEvents(Ljava/awt/Conditional;)V+3
j  java.awt.EventDispatchThread.run()V+9
v  ~StubRoutines::call_stub

---------------  P R O C E S S  ---------------

Java Threads: ( => current thread )
  0x00000000577ef000 JavaThread "Code Analyzer updating thread" [_thread_blocked, id=1596, stack(0x0000000140030000,0x0000000144030000)]
  0x00000000577ea000 JavaThread "Timer queue for AWT thread" daemon [_thread_blocked, id=3808, stack(0x0000000120000000,0x0000000124000000)]
  0x000000005731c000 JavaThread "Code Analyzer updating thread" [_thread_blocked, id=6068, stack(0x000000011c000000,0x0000000120000000)]
  0x00000000577ee000 JavaThread "Code Analyzer updating thread" [_thread_blocked, id=1264, stack(0x0000000114000000,0x0000000118000000)]
  0x00000000577ed800 JavaThread "pool-7-thread-1" [_thread_blocked, id=1572, stack(0x00000000c4000000,0x00000000c8000000)]
  0x00000000577ec800 JavaThread "Code Analyzer updating thread" [_thread_blocked, id=3864, stack(0x000000010c000000,0x0000000110000000)]
  0x00000000577ef800 JavaThread "Swing-Shell" daemon [_thread_blocked, id=7760, stack(0x0000000148030000,0x000000014c030000)]
  0x00000000577e8800 JavaThread "Prefs Updater" daemon [_thread_blocked, id=4980, stack(0x0000000104000000,0x0000000108000000)]
  0x0000000057318000 JavaThread "Code Analyzer updating thread" [_thread_blocked, id=7916, stack(0x000000013c000000,0x0000000140000000)]
  0x0000000057320000 JavaThread "Code Analyzer updating thread" [_thread_blocked, id=2528, stack(0x00000000e8000000,0x00000000ec000000)]
  0x0000000057315800 JavaThread "Code Analyzer updating thread" [_thread_blocked, id=3920, stack(0x00000000e4000000,0x00000000e8000000)]
  0x0000000057314000 JavaThread "Foxtrot Single Worker Thread #1" daemon [_thread_blocked, id=3372, stack(0x00000000f4000000,0x00000000f8000000)]
  0x0000000057320800 JavaThread "Code Analyzer updating thread" [_thread_blocked, id=7716, stack(0x00000000e0000000,0x00000000e4000000)]
  0x0000000057315000 JavaThread "Code Analyzer updating thread" [_thread_blocked, id=7812, stack(0x00000000d4000000,0x00000000d8000000)]
  0x000000005731e800 JavaThread "Code Analyzer updating thread" [_thread_blocked, id=7528, stack(0x00000000cc000000,0x00000000d0000000)]
  0x000000005731b800 JavaThread "Code Analyzer updating thread" [_thread_blocked, id=5692, stack(0x0000000011880000,0x0000000015880000)]
  0x00000000577e9000 JavaThread "Timer-2" daemon [_thread_blocked, id=4312, stack(0x0000000134000000,0x0000000138000000)]
  0x00000000577ec000 JavaThread "com.jniwrapper.NativeResourceCollector" daemon [_thread_blocked, id=3436, stack(0x000000012c000000,0x0000000130000000)]
  0x000000005731a800 JavaThread "Active Reference Queue Daemon" daemon [_thread_blocked, id=5228, stack(0x0000000100000000,0x0000000104000000)]
  0x000000005731a000 JavaThread "Timer-1" daemon [_thread_blocked, id=6584, stack(0x00000000d8000000,0x00000000dc000000)]
  0x0000000057319800 JavaThread "ClipboardMonitor Timer" daemon [_thread_blocked, id=4176, stack(0x00000000fc000000,0x0000000100000000)]
  0x0000000057318800 JavaThread "Explorer NavigationContext request queue" daemon [_thread_blocked, id=240, stack(0x00000000f8000000,0x00000000fc000000)]
  0x0000000057317000 JavaThread "AddressBar directory emptiness poller" daemon [_thread_blocked, id=6932, stack(0x00000000f0000000,0x00000000f4000000)]
  0x0000000057316800 JavaThread "Explorer Refresh Service 1482467107" daemon [_thread_blocked, id=5864, stack(0x00000000ec000000,0x00000000f0000000)]
  0x0000000057313800 JavaThread "TimerQueue" daemon [_thread_blocked, id=8068, stack(0x00000000dc000000,0x00000000e0000000)]
  0x0000000057313000 JavaThread "Thread-3" daemon [_thread_blocked, id=5480, stack(0x00000000b4000000,0x00000000b8000000)]
  0x0000000057312000 JavaThread "FelixPackageAdmin" daemon [_thread_blocked, id=3040, stack(0x00000000c0000000,0x00000000c4000000)]
  0x00000000573b5000 JavaThread "FelixStartLevel" daemon [_thread_blocked, id=7308, stack(0x00000000bc000000,0x00000000c0000000)]
  0x0000000057390000 JavaThread "FelixDispatchQueue" daemon [_thread_blocked, id=4204, stack(0x00000000b8000000,0x00000000bc000000)]
=>0x00000000570f7000 JavaThread "AWT-EventQueue-0" [_thread_in_native, id=4940, stack(0x00000000b0000000,0x00000000b4000000)]
  0x0000000056e78800 JavaThread "com.google.common.base.internal.Finalizer" daemon [_thread_blocked, id=2348, stack(0x00000000ac000000,0x00000000b0000000)]
  0x0000000056e97800 JavaThread "AWT-Windows" daemon [_thread_in_native, id=7560, stack(0x00000000a4000000,0x00000000a8000000)]
  0x0000000056e97000 JavaThread "AWT-Shutdown" [_thread_blocked, id=6596, stack(0x00000000a0000000,0x00000000a4000000)]
  0x0000000056e95800 JavaThread "Java2D Disposer" daemon [_thread_blocked, id=2268, stack(0x000000009c000000,0x00000000a0000000)]
  0x0000000056cd2000 JavaThread "Timer-0" [_thread_blocked, id=5036, stack(0x0000000098000000,0x000000009c000000)]
  0x0000000056bbf000 JavaThread "EventMgr Dispatcher" daemon [_thread_in_native, id=4272, stack(0x0000000094000000,0x0000000098000000)]
  0x0000000051f7d800 JavaThread "Low Memory Detector" daemon [_thread_blocked, id=5600, stack(0x000000008c000000,0x0000000090000000)]
  0x0000000051f76000 JavaThread "CompilerThread1" daemon [_thread_blocked, id=292, stack(0x0000000088000000,0x000000008c000000)]
  0x0000000051f6b000 JavaThread "CompilerThread0" daemon [_thread_blocked, id=3036, stack(0x0000000084000000,0x0000000088000000)]
  0x0000000051f69800 JavaThread "Attach Listener" daemon [_thread_blocked, id=4092, stack(0x0000000080000000,0x0000000084000000)]
  0x000000000647f800 JavaThread "Finalizer" daemon [_thread_blocked, id=4792, stack(0x0000000068ef0000,0x000000006cef0000)]
  0x0000000006479000 JavaThread "Reference Handler" daemon [_thread_blocked, id=964, stack(0x0000000064ef0000,0x0000000068ef0000)]
  0x000000000650e800 JavaThread "main" [_thread_in_native, id=6216, stack(0x0000000000030000,0x0000000004030000)]

Other Threads:
  0x0000000051f12000 VMThread [stack: 0x0000000052070000,0x0000000056070000] [id=3800]
  0x0000000051fa9000 WatcherThread [stack: 0x0000000090000000,0x0000000094000000] [id=2332]

VM state:not at safepoint (normal execution)

VM Mutex/Monitor currently owned by a thread: None

Heap
 PSYoungGen      total 16192K, used 4615K [0x000000003ed30000, 0x000000003fd30000, 0x0000000041e30000)
  eden space 16000K, 27% used [0x000000003ed30000,0x000000003f181f38,0x000000003fcd0000)
  from space 192K, 100% used [0x000000003fd00000,0x000000003fd30000,0x000000003fd30000)
  to   space 192K, 0% used [0x000000003fcd0000,0x000000003fcd0000,0x000000003fd00000)
 PSOldGen        total 150528K, used 102641K [0x0000000035a30000, 0x000000003ed30000, 0x000000003ed30000)
  object space 150528K, 68% used [0x0000000035a30000,0x000000003be6c4f8,0x000000003ed30000)
 PSPermGen       total 114688K, used 84425K [0x000000002da30000, 0x0000000034a30000, 0x0000000035a30000)
  object space 114688K, 73% used [0x000000002da30000,0x0000000032ca26f8,0x0000000034a30000)

Dynamic libraries:
0x0000000140000000 - 0x0000000140028000 	C:\Program Files\MATLAB\R2013a\bin\win64\MATLAB.exe
0x0000000077620000 - 0x00000000777c9000 	C:\windows\SYSTEM32\ntdll.dll
0x00000000770d0000 - 0x00000000771ef000 	C:\windows\system32\kernel32.dll
0x000007fefddc0000 - 0x000007fefde2b000 	C:\windows\system32\KERNELBASE.dll
0x0000000074460000 - 0x0000000074515000 	C:\Program Files\MATLAB\R2013a\bin\win64\libut.dll
0x00000000758a0000 - 0x000000007595f000 	C:\Program Files\MATLAB\R2013a\bin\win64\libmwi18n.dll
0x0000000180000000 - 0x000000018000d000 	C:\Program Files\MATLAB\R2013a\bin\win64\libmwresource_core.dll
0x0000000064e50000 - 0x0000000064ee8000 	C:\Program Files\MATLAB\R2013a\bin\win64\MSVCP100.dll
0x00000000627c0000 - 0x0000000062892000 	C:\Program Files\MATLAB\R2013a\bin\win64\MSVCR100.dll
0x0000000071920000 - 0x000000007192e000 	C:\Program Files\MATLAB\R2013a\bin\win64\boost_date_time-vc100-mt-1_49.dll
0x000000006dad0000 - 0x000000006dafc000 	C:\Program Files\MATLAB\R2013a\bin\win64\boost_filesystem-vc100-mt-1_49.dll
0x000000006e190000 - 0x000000006e199000 	C:\Program Files\MATLAB\R2013a\bin\win64\boost_system-vc100-mt-1_49.dll
0x000007feff5d0000 - 0x000007feff6ab000 	C:\windows\system32\ADVAPI32.dll
0x000007fefe0e0000 - 0x000007fefe17f000 	C:\windows\system32\msvcrt.dll
0x000007feff730000 - 0x000007feff74f000 	C:\windows\SYSTEM32\sechost.dll
0x000007fefe320000 - 0x000007fefe44d000 	C:\windows\system32\RPCRT4.dll
0x0000000063310000 - 0x0000000063335000 	C:\Program Files\MATLAB\R2013a\bin\win64\LIBEXPAT.dll
0x00000000611b0000 - 0x000000006133a000 	C:\Program Files\MATLAB\R2013a\bin\win64\icuin49.dll
0x0000000062680000 - 0x00000000627be000 	C:\Program Files\MATLAB\R2013a\bin\win64\icuuc49.dll
0x0000000059e50000 - 0x000000005af72000 	C:\Program Files\MATLAB\R2013a\bin\win64\icudt49.dll
0x000000006de30000 - 0x000000006de40000 	C:\Program Files\MATLAB\R2013a\bin\win64\icuio49.dll
0x0000000073f70000 - 0x0000000074112000 	C:\Program Files\MATLAB\R2013a\bin\win64\libmwfl.dll
0x000000007a350000 - 0x000000007a737000 	C:\Program Files\MATLAB\R2013a\bin\win64\libmwMATLAB_res.dll
0x0000000061b40000 - 0x0000000061c1f000 	C:\Program Files\MATLAB\R2013a\bin\win64\boost_regex-vc100-mt-1_49.dll
0x00000000771f0000 - 0x00000000772ea000 	C:\windows\system32\USER32.dll
0x000007feff8c0000 - 0x000007feff927000 	C:\windows\system32\GDI32.dll
0x000007fefe290000 - 0x000007fefe29e000 	C:\windows\system32\LPK.dll
0x000007feff750000 - 0x000007feff819000 	C:\windows\system32\USP10.dll
0x0000000064e30000 - 0x0000000064e41000 	C:\Program Files\MATLAB\R2013a\bin\win64\boost_signals-vc100-mt-1_49.dll
0x0000000064210000 - 0x0000000064221000 	C:\Program Files\MATLAB\R2013a\bin\win64\boost_thread-vc100-mt-1_49.dll
0x000007fee88e0000 - 0x000007fee896c000 	C:\Program Files\MATLAB\R2013a\bin\win64\boost_log-vc100-mt-1_49.dll
0x00000000777e0000 - 0x00000000777e7000 	C:\windows\system32\PSAPI.DLL
0x000007feff6b0000 - 0x000007feff6fd000 	C:\windows\system32\WS2_32.dll
0x000007fefe0d0000 - 0x000007fefe0d8000 	C:\windows\system32\NSI.dll
0x000007feedde0000 - 0x000007feede13000 	C:\Program Files\MATLAB\R2013a\bin\win64\tbb.dll
0x000007fefded0000 - 0x000007fefdee9000 	C:\windows\system32\imagehlp.dll
0x000007fefcc00000 - 0x000007fefcc2c000 	C:\windows\system32\POWRPROF.dll
0x000007fefdef0000 - 0x000007fefe0c7000 	C:\windows\system32\SETUPAPI.dll
0x000007fefdd80000 - 0x000007fefddb6000 	C:\windows\system32\CFGMGR32.dll
0x000007feff4f0000 - 0x000007feff5c7000 	C:\windows\system32\OLEAUT32.dll
0x000007feff2e0000 - 0x000007feff4e3000 	C:\windows\system32\ole32.dll
0x000007fefdbf0000 - 0x000007fefdc0a000 	C:\windows\system32\DEVOBJ.dll
0x0000000004100000 - 0x0000000004121000 	C:\Program Files\MATLAB\R2013a\bin\win64\libmwmfl_scalar.dll
0x000007fef8ee0000 - 0x000007fef9005000 	C:\windows\system32\dbghelp.dll
0x0000000004340000 - 0x000000000466f000 	C:\Program Files\MATLAB\R2013a\bin\win64\libmwservices.dll
0x0000000075a20000 - 0x0000000075b0b000 	C:\Program Files\MATLAB\R2013a\bin\win64\libmx.dll
0x000007feedf00000 - 0x000007feedf28000 	C:\Program Files\MATLAB\R2013a\bin\win64\tbbmalloc.dll
0x0000000064180000 - 0x0000000064197000 	C:\Program Files\MATLAB\R2013a\bin\win64\zlib1.dll
0x0000000004130000 - 0x000000000417e000 	C:\Program Files\MATLAB\R2013a\bin\win64\libmwregexp.dll
0x0000000075f10000 - 0x0000000075f57000 	C:\Program Files\MATLAB\R2013a\bin\win64\mpath.dll
0x000000007b680000 - 0x000000007bc66000 	C:\Program Files\MATLAB\R2013a\bin\win64\mlutil.dll
0x00000000754d0000 - 0x0000000075547000 	C:\Program Files\MATLAB\R2013a\bin\win64\xmlcore.dll
0x0000000060f60000 - 0x00000000611a1000 	C:\Program Files\MATLAB\R2013a\bin\win64\xerces-c_2_7.dll
0x0000000004190000 - 0x00000000041b2000 	C:\Program Files\MATLAB\R2013a\bin\win64\libmwMATLAB_settings_res.dll
0x000007fefbef0000 - 0x000007fefbf00000 	C:\Program Files\MATLAB\R2013a\bin\win64\boost_iostreams-vc100-mt-1_49.dll
0x000007fee89b0000 - 0x000007fee89f6000 	C:\Program Files\MATLAB\R2013a\bin\win64\boost_serialization-vc100-mt-1_49.dll
0x000007fefe4f0000 - 0x000007feff278000 	C:\windows\system32\SHELL32.dll
0x000007fefe2a0000 - 0x000007fefe311000 	C:\windows\system32\SHLWAPI.dll
0x00000000041c0000 - 0x00000000041c6000 	C:\Program Files\MATLAB\R2013a\bin\win64\libmwnativedisplay.dll
0x000007fefab10000 - 0x000007fefabb0000 	C:\windows\WinSxS\amd64_microsoft.windows.common-controls_6595b64144ccf1df_5.82.7601.18201_none_a4d3b9377117c3df\COMCTL32.dll
0x000007feff820000 - 0x000007feff8b7000 	C:\windows\system32\COMDLG32.dll
0x000007fefb1c0000 - 0x000007fefb1d6000 	C:\windows\system32\NETAPI32.dll
0x000007fefd5d0000 - 0x000007fefd5dc000 	C:\windows\system32\netutils.dll
0x000007fefd650000 - 0x000007fefd673000 	C:\windows\system32\srvcli.dll
0x000007fefb1a0000 - 0x000007fefb1b5000 	C:\windows\system32\wkscli.dll
0x0000000074970000 - 0x0000000074a18000 	C:\Program Files\MATLAB\R2013a\bin\win64\mcr.dll
0x0000000075000000 - 0x00000000753b1000 	C:\Program Files\MATLAB\R2013a\bin\win64\iqm.dll
0x0000000074e80000 - 0x0000000074f30000 	C:\Program Files\MATLAB\R2013a\bin\win64\m_dispatcher.dll
0x0000000004670000 - 0x0000000004e78000 	C:\Program Files\MATLAB\R2013a\bin\win64\m_interpreter.dll
0x00000000041d0000 - 0x00000000041f4000 	C:\Program Files\MATLAB\R2013a\bin\win64\libmex.dll
0x0000000075430000 - 0x00000000754ab000 	C:\Program Files\MATLAB\R2013a\bin\win64\profiler.dll
0x0000000004e80000 - 0x0000000005103000 	C:\Program Files\MATLAB\R2013a\bin\win64\libmwmathutil.dll
0x0000000079f40000 - 0x0000000079f66000 	C:\Program Files\MATLAB\R2013a\bin\win64\libmwmathrng.dll
0x0000000004200000 - 0x0000000004210000 	C:\Program Files\MATLAB\R2013a\bin\win64\libmwmfl_rng.dll
0x0000000074c10000 - 0x0000000074cf8000 	C:\Program Files\MATLAB\R2013a\bin\win64\libmwmathcore.dll
0x0000000076160000 - 0x00000000761c3000 	C:\Program Files\MATLAB\R2013a\bin\win64\libmwspmatrix.dll
0x000000007b0a0000 - 0x000000007b2f6000 	C:\Program Files\MATLAB\R2013a\bin\win64\mcos.dll
0x0000000075ea0000 - 0x0000000075f02000 	C:\Program Files\MATLAB\R2013a\bin\win64\libmwcholmod.dll
0x0000000004220000 - 0x000000000422d000 	C:\Program Files\MATLAB\R2013a\bin\win64\libmwamd.dll
0x0000000071b60000 - 0x0000000071c03000 	C:\windows\WinSxS\amd64_microsoft.vc90.crt_1fc8b3b9a1e18e3b_9.0.30729.6161_none_08e61857a83bc251\MSVCR90.dll
0x0000000005110000 - 0x000000000511c000 	C:\Program Files\MATLAB\R2013a\bin\win64\libmwcolamd.dll
0x000000007a290000 - 0x000000007a2a3000 	C:\Program Files\MATLAB\R2013a\bin\win64\libmwblas.dll
0x000000007a310000 - 0x000000007a325000 	C:\Program Files\MATLAB\R2013a\bin\win64\libmwbinder.dll
0x0000000005130000 - 0x000000000513b000 	C:\Program Files\MATLAB\R2013a\bin\win64\libmwompwrapper.dll
0x0000000075820000 - 0x000000007589e000 	C:\Program Files\MATLAB\R2013a\bin\win64\libmwlapack.dll
0x000000007a1b0000 - 0x000000007a1d0000 	C:\Program Files\MATLAB\R2013a\bin\win64\m_pcodeio.dll
0x0000000079b10000 - 0x0000000079b6c000 	C:\Program Files\MATLAB\R2013a\bin\win64\m_ir.dll
0x0000000078ed0000 - 0x0000000079579000 	C:\Program Files\MATLAB\R2013a\bin\win64\m_parser.dll
0x000000007a2f0000 - 0x000000007a307000 	C:\Program Files\MATLAB\R2013a\bin\win64\ir_xfmr.dll
0x0000000005140000 - 0x0000000005150000 	C:\Program Files\MATLAB\R2013a\bin\win64\mtok.dll
0x000000007a130000 - 0x000000007a158000 	C:\Program Files\MATLAB\R2013a\bin\win64\m_pcodegen.dll
0x0000000079fb0000 - 0x0000000079fdf000 	C:\Program Files\MATLAB\R2013a\bin\win64\libmwbridge.dll
0x0000000074f40000 - 0x0000000074ff6000 	C:\Program Files\MATLAB\R2013a\bin\win64\udd.dll
0x0000000073cc0000 - 0x0000000073e0e000 	C:\Program Files\MATLAB\R2013a\bin\win64\libmwgui.dll
0x000000007a1d0000 - 0x000000007a1f4000 	C:\Program Files\MATLAB\R2013a\bin\win64\graphics_util.dll
0x000007fee87d0000 - 0x000007fee8888000 	C:\Program Files\MATLAB\R2013a\bin\win64\libtex_base.dll
0x0000000005150000 - 0x0000000005a93000 	C:\Program Files\MATLAB\R2013a\bin\win64\hg.dll
0x0000000076100000 - 0x000000007615a000 	C:\Program Files\MATLAB\R2013a\bin\win64\libmat.dll
0x0000000072d30000 - 0x0000000072f38000 	C:\Program Files\MATLAB\R2013a\bin\win64\hdf5dll.dll
0x0000000075710000 - 0x00000000757d8000 	C:\Program Files\MATLAB\R2013a\bin\win64\jmi.dll
0x0000000005ab0000 - 0x0000000005abe000 	C:\Program Files\MATLAB\R2013a\bin\win64\nativejava_services.dll
0x0000000005ac0000 - 0x0000000005b00000 	C:\Program Files\MATLAB\R2013a\bin\win64\libmwhardcopy.dll
0x0000000075c70000 - 0x0000000075cce000 	C:\Program Files\MATLAB\R2013a\bin\win64\libuij.dll
0x0000000072f50000 - 0x000000007318f000 	C:\Program Files\MATLAB\R2013a\bin\win64\hgdatatypes.dll
0x0000000005b00000 - 0x0000000005beb000 	C:\Program Files\MATLAB\R2013a\bin\win64\hgutils.dll
0x0000000005bf0000 - 0x0000000005c9e000 	C:\Program Files\MATLAB\R2013a\bin\win64\udd_mi.dll
0x0000000005ca0000 - 0x0000000005cd6000 	C:\Program Files\MATLAB\R2013a\bin\win64\libmwgbtutils.dll
0x0000000005ce0000 - 0x0000000005cf4000 	C:\Program Files\MATLAB\R2013a\bin\win64\libmwgbt.dll
0x0000000005d00000 - 0x0000000005fce000 	C:\Program Files\MATLAB\R2013a\bin\win64\uiw.dll
0x0000000005fd0000 - 0x0000000005fd9000 	C:\Program Files\MATLAB\R2013a\bin\win64\uinone.dll
0x0000000005fe0000 - 0x0000000006006000 	C:\Program Files\MATLAB\R2013a\bin\win64\libmwnativefiledialogs.dll
0x0000000006010000 - 0x000000000601c000 	C:\Program Files\MATLAB\R2013a\bin\win64\libmwplatform_res.dll
0x000007fefaad0000 - 0x000007fefaae8000 	C:\windows\system32\MPR.dll
0x000000005d710000 - 0x000000005dc6d000 	C:\Program Files\MATLAB\R2013a\bin\win64\mfc100.dll
0x000007fefb900000 - 0x000007fefb907000 	C:\windows\system32\MSIMG32.dll
0x000007fef71e0000 - 0x000007fef7251000 	C:\windows\system32\WINSPOOL.DRV
0x0000000006020000 - 0x000000000603d000 	C:\Program Files\MATLAB\R2013a\bin\win64\mwoles05.DLL
0x0000000006040000 - 0x00000000060ac000 	C:\Program Files\MATLAB\R2013a\bin\win64\comcli.dll
0x00000000631d0000 - 0x00000000631fb000 	C:\Program Files\MATLAB\R2013a\bin\win64\ATL100.DLL
0x00000000060b0000 - 0x00000000060bc000 	C:\Program Files\MATLAB\R2013a\bin\win64\mlautoregister.dll
0x00000000060c0000 - 0x0000000006216000 	C:\Program Files\MATLAB\R2013a\bin\win64\mvm.dll
0x000007feff700000 - 0x000007feff72e000 	C:\windows\system32\IMM32.DLL
0x000007fefe180000 - 0x000007fefe289000 	C:\windows\system32\MSCTF.dll
0x0000000074e10000 - 0x0000000074e48000 	C:\PROGRA~2\Sophos\SOPHOS~1\SOPHOS~2.DLL
0x000007fefc680000 - 0x000007fefc6d6000 	C:\windows\system32\UxTheme.dll
0x000007fefb4c0000 - 0x000007fefb4d8000 	C:\windows\system32\dwmapi.dll
0x000000006de20000 - 0x000000006de2d000 	C:\Program Files\MATLAB\R2013a\bin\win64\MFC100ENU.DLL
0x0000000007db0000 - 0x0000000007dfe000 	C:\Program Files\MATLAB\R2013a\bin\win64\MVMLocal.dll

VM Arguments:
jvm_args: -XX:PermSize=32m -Xms64m -XX:NewRatio=3 -XX:MaxPermSize=128m -Xmx196m -XX:MaxDirectMemorySize=2147400000 -Dsun.java2d.noddraw=true -Dsun.awt.nopixfmt=true -Xshare:off -Xrs -Dsun.awt.disableMixing=true -Djava.library.path=C:\Program Files\MATLAB\R2013a\bin\win64;C:\Program Files\MATLAB\R2013a\sys\jxbrowser\win64\lib vfprintf abort 
java_command: <unknown>
Launcher Type: generic

Environment Variables:
PATH=C:\Python33\Lib\site-packages\PyQt4;C:\Python33\;C:\Program Files (x86)\Intel\ComposerXE-2011\redist\intel64\mkl;C:\Program Files (x86)\Intel\ComposerXE-2011\redist\ia32\mkl;C:\Program Files (x86)\Intel\ComposerXE-2011\redist\intel64\mpirt;C:\Program Files (x86)\Intel\ComposerXE-2011\redist\intel64\compiler;C:\Program Files (x86)\Intel\ComposerXE-2011\redist\ia32\mpirt;C:\Program Files (x86)\Intel\ComposerXE-2011\redist\ia32\compiler;C:\Program Files (x86)\Intel\ComposerXE-2011\compiler\lib;C:\Program Files (x86)\Common Files\Microsoft Shared\VSA\9.0\VsaEnv;C:\Program Files (x86)\AMD APP\bin\x86_64;C:\Program Files (x86)\AMD APP\bin\x86;C:\windows\system32;C:\windows;C:\windows\System32\Wbem;C:\windows\System32\WindowsPowerShell\v1.0\;C:\Program Files\Hummingbird\Connectivity\14.00\NFS Maestro\;C:\Program Files (x86)\Hummingbird\Connectivity\14.00\NFS Maestro\;C:\Program Files (x86)\ATI Technologies\ATI.ACE\Core-Static;C:\Program Files\MATLAB\R2013a\bin;C:\Program Files\MATLAB\R2012b\runtime\win64;C:\Program Files\MATLAB\R2012b\bin;C:\Program Files (x86)\CCLRC ISIS Facility\Open GENIE\system;C:\Program Files (x86)\JournalViewer\bin
USERNAME=avh45
OS=Windows_NT
PROCESSOR_IDENTIFIER=Intel64 Family 6 Model 58 Stepping 9, GenuineIntel



---------------  S Y S T E M  ---------------

OS: Windows 7 Build 7601 Service Pack 1

CPU:total 4 (8 cores per cpu, 2 threads per core) family 6 model 58 stepping 9, cmov, cx8, fxsr, mmx, sse, sse2, sse3, ssse3, sse4.1, sse4.2, ht

Memory: 4k page, physical 8341920k(4250308k free), swap 16681980k(12992572k free)

vm_info: Java HotSpot(TM) 64-Bit Server VM (14.3-b01) for windows-amd64 JRE (1.6.0_17-b04), built on Oct 11 2009 00:46:08 by "java_re" with MS VC++ 8.0

time: Tue Feb 25 22:13:26 2014
elapsed time: 117852 seconds

